[06-04-2026 11:17:00:170] [32minfo[39m: [32mSomeone hit the /test-logger route![39m
[06-04-2026 11:17:00:170] [31merror[39m: [31mThis is a dummy test error purely for Winston![39m
[06-04-2026 11:17:00:170] [35mhttp[39m: [35m::1 GET /test-logger 400 - 5.799 ms[39m
[06-04-2026 11:17:00:170] [35mhttp[39m: [35m::1 GET /favicon.ico 404 - 1.632 ms[39m
[06-04-2026 17:04:39:439] [31merror[39m: [31mCannot set property query of #<IncomingMessage> which has only a getter[39m
[06-04-2026 17:06:11:611] [31merror[39m: [31mCannot set property query of #<IncomingMessage> which has only a getter[39m
[06-04-2026 17:07:43:743] [31merror[39m: [31mCannot set property query of #<IncomingMessage> which has only a getter[39m
[06-04-2026 17:07:46:746] [31merror[39m: [31mCannot set property query of #<IncomingMessage> which has only a getter[39m
[06-04-2026 17:07:46:746] [31merror[39m: [31mCannot set property query of #<IncomingMessage> which has only a getter[39m
[06-04-2026 17:07:46:746] [31merror[39m: [31mCannot set property query of #<IncomingMessage> which has only a getter[39m
[06-04-2026 17:07:46:746] [31merror[39m: [31mCannot set property query of #<IncomingMessage> which has only a getter[39m
[06-04-2026 17:07:46:746] [31merror[39m: [31mCannot set property query of #<IncomingMessage> which has only a getter[39m
[06-04-2026 17:07:47:747] [31merror[39m: [31mCannot set property query of #<IncomingMessage> which has only a getter[39m
[06-04-2026 17:07:47:747] [31merror[39m: [31mCannot set property query of #<IncomingMessage> which has only a getter[39m
[06-04-2026 17:07:47:747] [31merror[39m: [31mCannot set property query of #<IncomingMessage> which has only a getter[39m
[06-04-2026 17:07:47:747] [31merror[39m: [31mCannot set property query of #<IncomingMessage> which has only a getter[39m
[06-04-2026 17:07:47:747] [31merror[39m: [31mCannot set property query of #<IncomingMessage> which has only a getter[39m
[06-04-2026 17:07:47:747] [31merror[39m: [31mCannot set property query of #<IncomingMessage> which has only a getter[39m
[06-04-2026 17:07:47:747] [31merror[39m: [31mCannot set property query of #<IncomingMessage> which has only a getter[39m
[06-04-2026 17:08:04:84] [35mhttp[39m: [35m::1 POST /register 404 - 0.985 ms[39m
[06-04-2026 17:13:35:1335] [35mhttp[39m: [35m::1 POST /register 404 - 0.930 ms[39m
[06-04-2026 17:13:39:1339] [35mhttp[39m: [35m::1 POST /register 404 - 0.322 ms[39m
[06-04-2026 17:14:15:1415] [35mhttp[39m: [35m::1 POST /api/v1/register 404 - 0.231 ms[39m
[06-04-2026 17:14:51:1451] [32minfo[39m: [32mSomeone hit the /register route![39m
[06-04-2026 17:14:51:1451] [31merror[39m: [31mCannot read properties of null (reading 'username')[39m
[06-04-2026 17:14:51:1451] [35mhttp[39m: [35m::1 POST /api/v1/auth/register 500 - 197.762 ms[39m
[06-04-2026 17:15:24:1524] [32minfo[39m: [32mSomeone hit the /register route![39m
[06-04-2026 17:15:24:1524] [31merror[39m: [31mCannot read properties of null (reading 'username')[39m
[06-04-2026 17:15:24:1524] [35mhttp[39m: [35m::1 POST /api/v1/auth/register 500 - 198.604 ms[39m
[06-04-2026 17:17:04:174] [32minfo[39m: [32mSomeone hit the /register route![39m
[06-04-2026 17:17:05:175] [31merror[39m: [31muser.generateVerficationOTP is not a function[39m
[06-04-2026 17:17:05:175] [35mhttp[39m: [35m::1 POST /api/v1/auth/register 500 - 403.513 ms[39m
[06-04-2026 17:17:40:1740] [32minfo[39m: [32mSomeone hit the /register route![39m
[06-04-2026 17:17:40:1740] [31merror[39m: [31mUsername already exists[39m
[06-04-2026 17:17:40:1740] [35mhttp[39m: [35m::1 POST /api/v1/auth/register 400 - 207.413 ms[39m
[06-04-2026 17:18:02:182] [32minfo[39m: [32mSomeone hit the /register route![39m
[06-04-2026 17:18:02:182] [31merror[39m: [31mUser.save is not a function[39m
[06-04-2026 17:18:02:182] [35mhttp[39m: [35m::1 POST /api/v1/auth/register 500 - 427.767 ms[39m
[06-04-2026 17:18:45:1845] [32minfo[39m: [32mSomeone hit the /register route![39m
[06-04-2026 17:18:46:1846] [31merror[39m: [31mMissing credentials for "PLAIN"[39m
[06-04-2026 17:18:46:1846] [35mhttp[39m: [35m::1 POST /api/v1/auth/register 500 - 1300.053 ms[39m
[06-04-2026 17:20:38:2038] [32minfo[39m: [32mSomeone hit the /register route![39m
[06-04-2026 17:20:40:2040] [31merror[39m: [31mMissing credentials for "PLAIN"[39m
[06-04-2026 17:20:40:2040] [35mhttp[39m: [35m::1 POST /api/v1/auth/register 500 - 1265.992 ms[39m
[06-04-2026 17:25:20:2520] [32minfo[39m: [32mSomeone hit the /register route![39m
[06-04-2026 17:25:22:2522] [31merror[39m: [31mInvalid login: 535-5.7.8 Username and Password not accepted. For more information, go to[39m
[31m535 5.7.8  https://support.google.com/mail/?p=BadCredentials 5b1f17b1804b1-48899d3a4e9sm180101315e9.6 - gsmtp[39m
[06-04-2026 17:25:22:2522] [35mhttp[39m: [35m::1 POST /api/v1/auth/register 500 - 1636.703 ms[39m
[06-04-2026 17:49:33:4933] [32minfo[39m: [32mSomeone hit the /register route![39m
[06-04-2026 17:49:34:4934] [31merror[39m: [31mUsername already exists[39m
[06-04-2026 17:49:34:4934] [35mhttp[39m: [35m::1 POST /api/v1/auth/register 400 - 203.645 ms[39m
[06-04-2026 17:50:26:5026] [32minfo[39m: [32mSomeone hit the /register route![39m
[06-04-2026 17:50:28:5028] [31merror[39m: [31mInvalid login: 535-5.7.8 Username and Password not accepted. For more information, go to[39m
[31m535 5.7.8  https://support.google.com/mail/?p=BadCredentials ffacd0b85a97d-43d1e4d2971sm40289880f8f.22 - gsmtp[39m
[06-04-2026 17:50:28:5028] [35mhttp[39m: [35m::1 POST /api/v1/auth/register 500 - 1462.685 ms[39m
[06-04-2026 17:54:17:5417] [32minfo[39m: [32mSomeone hit the /register route![39m
[06-04-2026 17:54:18:5418] [31merror[39m: [31mInvalid login: 535-5.7.8 Username and Password not accepted. For more information, go to[39m
[31m535 5.7.8  https://support.google.com/mail/?p=BadCredentials 5b1f17b1804b1-4887e93cf2dsm456176545e9.11 - gsmtp[39m
[06-04-2026 17:54:18:5418] [35mhttp[39m: [35m::1 POST /api/v1/auth/register 500 - 1418.652 ms[39m
[06-04-2026 17:59:15:5915] [32minfo[39m: [32mSomeone hit the /register route![39m
[06-04-2026 17:59:18:5918] [31merror[39m: [31mCannot read properties of undefined (reading 'error')[39m
[06-04-2026 17:59:18:5918] [35mhttp[39m: [35m::1 POST /api/v1/auth/register 500 - 2891.219 ms[39m
[06-04-2026 18:55:28:5528] [32minfo[39m: [32mSomeone hit the /register route![39m
[06-04-2026 18:55:32:5532] [35mhttp[39m: [35m::1 POST /api/v1/auth/register 200 - 3884.519 ms[39m
[07-04-2026 18:25:26:2526] [32minfo[39m: [32mSomeone hit the /register route![39m
[07-04-2026 18:25:31:2531] [35mhttp[39m: [35m::1 POST /api/v1/auth/register 200 - 4041.575 ms[39m
[08-04-2026 07:10:27:1027] [35mhttp[39m: [35m::1 POST /api/v1/auth/login 404 - 3.129 ms[39m
[08-04-2026 07:12:05:125] [35mhttp[39m: [35m::1 POST /api/v1/auth/login 404 - 1.226 ms[39m
[08-04-2026 07:32:01:321] [31merror[39m: [31muser.checkPassword is not a function[39m
[08-04-2026 07:32:01:321] [35mhttp[39m: [35m::1 POST /api/v1/auth/login 500 - 6.330 ms[39m
[08-04-2026 07:33:30:3330] [31merror[39m: [31mInvaled Email or Password[39m
[08-04-2026 07:33:30:3330] [35mhttp[39m: [35m::1 POST /api/v1/auth/login 404 - 188.457 ms[39m
[08-04-2026 07:34:03:343] [31merror[39m: [31mInvaled Email or Password[39m
[08-04-2026 07:34:03:343] [35mhttp[39m: [35m::1 POST /api/v1/auth/login 404 - 190.149 ms[39m
[08-04-2026 07:36:14:3614] [31merror[39m: [31mInvaled Email or Password[39m
[08-04-2026 07:36:14:3614] [35mhttp[39m: [35m::1 POST /api/v1/auth/login 404 - 358.288 ms[39m
[08-04-2026 07:36:16:3616] [31merror[39m: [31mInvaled Email or Password[39m
[08-04-2026 07:36:16:3616] [35mhttp[39m: [35m::1 POST /api/v1/auth/login 404 - 200.785 ms[39m
[08-04-2026 07:36:17:3617] [31merror[39m: [31mInvaled Email or Password[39m
[08-04-2026 07:36:17:3617] [35mhttp[39m: [35m::1 POST /api/v1/auth/login 404 - 194.811 ms[39m
[08-04-2026 07:36:18:3618] [35mhttp[39m: [35m::1 POST /api/v1/auth/login 429 - 0.808 ms[39m
[08-04-2026 07:43:56:4356] [31merror[39m: [31mInvaled Email or Password[39m
[08-04-2026 07:43:56:4356] [35mhttp[39m: [35m::1 POST /api/v1/auth/login 404 - 191.437 ms[39m
[08-04-2026 07:44:04:444] [31merror[39m: [31mInvaled Email or Password[39m
[08-04-2026 07:44:04:444] [35mhttp[39m: [35m::1 POST /api/v1/auth/login 404 - 178.725 ms[39m
[08-04-2026 07:44:09:449] [31merror[39m: [31mInvaled Email or Password[39m
[08-04-2026 07:44:09:449] [35mhttp[39m: [35m::1 POST /api/v1/auth/login 404 - 182.163 ms[39m
[08-04-2026 07:44:13:4413] [35mhttp[39m: [35m::1 POST /api/v1/auth/login 429 - 0.446 ms[39m
[08-04-2026 07:45:01:451] [31merror[39m: [31mInvaled Email or Password[39m
[08-04-2026 07:45:01:451] [35mhttp[39m: [35m::1 POST /api/v1/auth/login 404 - 177.213 ms[39m
[08-04-2026 07:45:01:451] [31merror[39m: [31mInvaled Email or Password[39m
[08-04-2026 07:45:01:451] [35mhttp[39m: [35m::1 POST /api/v1/auth/login 404 - 178.871 ms[39m
[08-04-2026 07:45:02:452] [31merror[39m: [31mInvaled Email or Password[39m
[08-04-2026 07:45:02:452] [35mhttp[39m: [35m::1 POST /api/v1/auth/login 404 - 176.894 ms[39m
[08-04-2026 07:45:03:453] [35mhttp[39m: [35m::1 POST /api/v1/auth/login 429 - 0.619 ms[39m
[08-04-2026 07:51:41:5141] [31merror[39m: [31mInvaled Email or Password[39m
[08-04-2026 07:51:41:5141] [35mhttp[39m: [35m::1 POST /api/v1/auth/login 404 - 177.808 ms[39m
[08-04-2026 07:51:42:5142] [31merror[39m: [31mInvaled Email or Password[39m
[08-04-2026 07:51:42:5142] [35mhttp[39m: [35m::1 POST /api/v1/auth/login 404 - 212.343 ms[39m
[08-04-2026 07:51:43:5143] [31merror[39m: [31mInvaled Email or Password[39m
[08-04-2026 07:51:43:5143] [35mhttp[39m: [35m::1 POST /api/v1/auth/login 404 - 179.701 ms[39m
[08-04-2026 07:51:43:5143] [35mhttp[39m: [35m::1 POST /api/v1/auth/login 429 - 0.685 ms[39m
[08-04-2026 07:56:38:5638] [31merror[39m: [31mInvaled Email or Password[39m
[08-04-2026 07:56:38:5638] [35mhttp[39m: [35m::1 POST /api/v1/auth/login 404 - 192.538 ms[39m
[08-04-2026 07:56:39:5639] [31merror[39m: [31mInvaled Email or Password[39m
[08-04-2026 07:56:39:5639] [35mhttp[39m: [35m::1 POST /api/v1/auth/login 404 - 182.086 ms[39m
[08-04-2026 07:56:39:5639] [31merror[39m: [31mInvaled Email or Password[39m
[08-04-2026 07:56:39:5639] [35mhttp[39m: [35m::1 POST /api/v1/auth/login 404 - 181.708 ms[39m
[08-04-2026 07:56:40:5640] [35mhttp[39m: [35m::1 POST /api/v1/auth/login 429 - 0.918 ms[39m
[08-04-2026 07:58:29:5829] [31merror[39m: [31mInvaled Email or Password[39m
[08-04-2026 07:58:29:5829] [35mhttp[39m: [35m::1 POST /api/v1/auth/login 404 - 193.491 ms[39m
[08-04-2026 07:58:30:5830] [31merror[39m: [31mInvaled Email or Password[39m
[08-04-2026 07:58:30:5830] [35mhttp[39m: [35m::1 POST /api/v1/auth/login 404 - 178.496 ms[39m
[08-04-2026 07:58:30:5830] [31merror[39m: [31mInvaled Email or Password[39m
[08-04-2026 07:58:30:5830] [35mhttp[39m: [35m::1 POST /api/v1/auth/login 404 - 176.733 ms[39m
[08-04-2026 07:58:31:5831] [35mhttp[39m: [35m::1 POST /api/v1/auth/login 429 - 1.053 ms[39m
[08-04-2026 08:17:08:178] [32minfo[39m: [32mSomeone hit the /register route![39m
[08-04-2026 08:17:10:1710] [35mhttp[39m: [35m::1 POST /api/v1/auth/register 200 - 2905.719 ms[39m
[08-04-2026 08:24:34:2434] [32minfo[39m: [32mSomeone hit the /register route![39m
[08-04-2026 08:24:38:2438] [35mhttp[39m: [35m::1 POST /api/v1/auth/register 200 - 4571.543 ms[39m
[08-04-2026 08:25:53:2553] [31merror[39m: [31mPlease verify your email first[39m
[08-04-2026 08:25:53:2553] [35mhttp[39m: [35m::1 POST /api/v1/auth/login 400 - 199.191 ms[39m
[08-04-2026 08:26:39:2639] [35mhttp[39m: [35m::1 POST /api/v1/auth/verifyEmail 200 - 364.463 ms[39m
[08-04-2026 08:29:02:292] [31merror[39m: [31mFailed to generate tokens[39m
[08-04-2026 08:29:02:292] [35mhttp[39m: [35m::1 POST /api/v1/auth/login 500 - 393.244 ms[39m
[08-04-2026 08:29:52:2952] [35mhttp[39m: [35m::1 POST /api/v1/auth/login 200 - 1464.421 ms[39m
[08-04-2026 08:30:33:3033] [31merror[39m: [31mInvaled Email or Password[39m
[08-04-2026 08:30:33:3033] [35mhttp[39m: [35m::1 POST /api/v1/auth/login 404 - 191.076 ms[39m
[08-04-2026 08:30:43:3043] [32minfo[39m: [32mSomeone hit the /register route![39m
[08-04-2026 08:30:46:3046] [35mhttp[39m: [35m::1 POST /api/v1/auth/register 200 - 2902.019 ms[39m
[08-04-2026 08:31:00:310] [35mhttp[39m: [35m::1 POST /api/v1/auth/verifyEmail 200 - 376.782 ms[39m
[08-04-2026 08:32:30:3230] [32minfo[39m: [32mSomeone hit the /register route![39m
[08-04-2026 08:32:33:3233] [35mhttp[39m: [35m::1 POST /api/v1/auth/register 200 - 3044.101 ms[39m
[08-04-2026 08:34:02:342] [35mhttp[39m: [35m::1 POST /api/v1/auth/resendEmailVerfication 200 - 186.520 ms[39m
[08-04-2026 08:34:33:3433] [35mhttp[39m: [35m::1 POST /api/v1/auth/resendEmailVerfication 200 - 187.211 ms[39m
[08-04-2026 08:35:12:3512] [35mhttp[39m: [35m::1 POST /api/v1/auth/resendEmailVerfication 200 - 184.537 ms[39m
[08-04-2026 08:36:02:362] [35mhttp[39m: [35m::1 POST /api/v1/auth/resendEmailVerfication 200 - 185.076 ms[39m
[08-04-2026 08:37:00:370] [35mhttp[39m: [35m::1 POST /api/v1/auth/resendEmailVerfication 200 - 183.713 ms[39m
[08-04-2026 08:37:32:3732] [35mhttp[39m: [35m::1 POST /api/v1/auth/resendEmailVerfication 429 - 1.480 ms[39m
[08-04-2026 08:38:52:3852] [31merror[39m: [31mInvalid OTP or OTP has expired[39m
[08-04-2026 08:38:52:3852] [35mhttp[39m: [35m::1 POST /api/v1/auth/verifyEmail 400 - 190.953 ms[39m
[08-04-2026 08:39:10:3910] [35mhttp[39m: [35m::1 POST /api/v1/auth/resendEmailVerfication 200 - 2187.023 ms[39m
[08-04-2026 08:39:42:3942] [35mhttp[39m: [35m::1 POST /api/v1/auth/verifyEmail 200 - 368.788 ms[39m
[08-04-2026 08:39:53:3953] [35mhttp[39m: [35m::1 POST /api/v1/auth/login 200 - 530.158 ms[39m
[08-04-2026 08:47:44:4744] [31merror[39m: [31mInvaled Email or Password[39m
[08-04-2026 08:47:44:4744] [35mhttp[39m: [35m::1 POST /api/v1/auth/login 404 - 195.726 ms[39m
[08-04-2026 08:47:52:4752] [32minfo[39m: [32mSomeone hit the /register route![39m
[08-04-2026 08:47:54:4754] [35mhttp[39m: [35m::1 POST /api/v1/auth/register 200 - 2805.641 ms[39m
[08-04-2026 08:48:10:4810] [31merror[39m: [31mPlease verify your email first[39m
[08-04-2026 08:48:10:4810] [35mhttp[39m: [35m::1 POST /api/v1/auth/login 400 - 266.949 ms[39m
[08-04-2026 08:48:29:4829] [31merror[39m: [31mInvaled Email or Password[39m
[08-04-2026 08:48:29:4829] [35mhttp[39m: [35m::1 POST /api/v1/auth/login 404 - 270.260 ms[39m
[08-04-2026 08:48:33:4833] [35mhttp[39m: [35m::1 POST /api/v1/auth/login 429 - 1.273 ms[39m
[08-04-2026 08:49:37:4937] [31merror[39m: [31mPlease verify your email first[39m
[08-04-2026 08:49:37:4937] [35mhttp[39m: [35m::1 POST /api/v1/auth/login 400 - 266.845 ms[39m
[08-04-2026 08:49:57:4957] [35mhttp[39m: [35m::1 POST /api/v1/auth/resendEmailVerfication 200 - 3241.499 ms[39m
[08-04-2026 08:51:00:510] [35mhttp[39m: [35m::1 POST /api/v1/auth/resendEmailVerfication 200 - 3623.176 ms[39m
[08-04-2026 09:03:33:333] [35mhttp[39m: [35m::1 POST /api/v1/auth/resendEmailVerfication 200 - 3202.624 ms[39m
[08-04-2026 09:03:38:338] [35mhttp[39m: [35m::1 POST /api/v1/auth/verifyEmail 200 - 375.324 ms[39m
[08-04-2026 09:03:46:346] [31merror[39m: [31mInvaled Email or Password[39m
[08-04-2026 09:03:46:346] [35mhttp[39m: [35m::1 POST /api/v1/auth/login 404 - 260.201 ms[39m
[08-04-2026 09:03:49:349] [35mhttp[39m: [35m::1 POST /api/v1/auth/login 429 - 0.703 ms[39m
[08-04-2026 09:17:01:171] [31merror[39m: [31mInvaled Email or Password[39m
[08-04-2026 09:17:01:171] [35mhttp[39m: [35m::1 POST /api/v1/auth/login 404 - 267.295 ms[39m
[08-04-2026 09:17:16:1716] [31merror[39m: [31mInvaled Email or Password[39m
[08-04-2026 09:17:16:1716] [35mhttp[39m: [35m::1 POST /api/v1/auth/login 404 - 270.895 ms[39m
[08-04-2026 09:17:17:1717] [31merror[39m: [31mInvaled Email or Password[39m
[08-04-2026 09:17:17:1717] [35mhttp[39m: [35m::1 POST /api/v1/auth/login 404 - 262.043 ms[39m
[08-04-2026 09:17:18:1718] [31merror[39m: [31mInvaled Email or Password[39m
[08-04-2026 09:17:18:1718] [35mhttp[39m: [35m::1 POST /api/v1/auth/login 404 - 263.487 ms[39m
[08-04-2026 09:17:26:1726] [35mhttp[39m: [35m::1 POST /api/v1/auth/login 429 - 0.863 ms[39m
[08-04-2026 09:19:02:192] [31merror[39m: [31mInvaled Email or Password[39m
[08-04-2026 09:19:02:192] [35mhttp[39m: [35m::1 POST /api/v1/auth/login 404 - 432.103 ms[39m
[08-04-2026 09:19:03:193] [31merror[39m: [31mInvaled Email or Password[39m
[08-04-2026 09:19:03:193] [35mhttp[39m: [35m::1 POST /api/v1/auth/login 404 - 257.711 ms[39m
[08-04-2026 09:19:04:194] [31merror[39m: [31mInvaled Email or Password[39m
[08-04-2026 09:19:04:194] [35mhttp[39m: [35m::1 POST /api/v1/auth/login 404 - 260.995 ms[39m
[08-04-2026 09:19:05:195] [35mhttp[39m: [35m::1 POST /api/v1/auth/login 429 - 0.411 ms[39m
[08-04-2026 09:20:53:2053] [35mhttp[39m: [35m::1 POST /api/v1/auth/login 200 - 624.591 ms[39m
[08-04-2026 10:04:03:43] [32minfo[39m: [32mSomeone hit the /register route![39m
[08-04-2026 10:04:06:46] [35mhttp[39m: [35m::1 POST /api/v1/auth/register 200 - 2875.504 ms[39m
[08-04-2026 10:04:13:413] [31merror[39m: [31mInvalid OTP or OTP has expired[39m
[08-04-2026 10:04:13:413] [35mhttp[39m: [35m::1 POST /api/v1/auth/verifyEmail 400 - 177.875 ms[39m
[08-04-2026 10:04:14:414] [31merror[39m: [31mInvalid OTP or OTP has expired[39m
[08-04-2026 10:04:14:414] [35mhttp[39m: [35m::1 POST /api/v1/auth/verifyEmail 400 - 179.484 ms[39m
[08-04-2026 10:04:16:416] [31merror[39m: [31mInvalid OTP or OTP has expired[39m
[08-04-2026 10:04:16:416] [35mhttp[39m: [35m::1 POST /api/v1/auth/verifyEmail 400 - 190.560 ms[39m
[08-04-2026 10:04:17:417] [35mhttp[39m: [35m::1 POST /api/v1/auth/verifyEmail 429 - 1.240 ms[39m
[08-04-2026 10:05:36:536] [31merror[39m: [31mPlease verify your email first[39m
[08-04-2026 10:05:36:536] [35mhttp[39m: [35m::1 POST /api/v1/auth/login 400 - 262.849 ms[39m
[08-04-2026 10:05:41:541] [35mhttp[39m: [35m::1 POST /api/v1/auth/verifyEmail 200 - 365.254 ms[39m
[08-04-2026 10:08:03:83] [31merror[39m: [31mCannot read properties of undefined (reading 'error')[39m
[08-04-2026 10:08:03:83] [35mhttp[39m: [35m::1 POST /api/v1/auth/forgotPassword 500 - 2487.090 ms[39m
[08-04-2026 10:23:45:2345] [31merror[39m: [31mCannot read properties of undefined (reading 'error')[39m
[08-04-2026 10:23:45:2345] [35mhttp[39m: [35m::1 POST /api/v1/auth/forgotPassword 500 - 2560.612 ms[39m
[08-04-2026 10:26:49:2649] [35mhttp[39m: [35m::1 POST /api/v1/auth/forgotPassword 200 - 2244.136 ms[39m
[08-04-2026 10:27:23:2723] [35mhttp[39m: [35m::1 POST /api/v1/auth/forgotPassword 429 - 1.612 ms[39m
[08-04-2026 10:47:40:4740] [35mhttp[39m: [35m::1 POST /api/v1/auth/resetPassword 404 - 3.180 ms[39m
[08-04-2026 10:48:03:483] [35mhttp[39m: [35m::1 POST /api/v1/auth/resetPassword 404 - 1.086 ms[39m
[08-04-2026 10:54:03:543] [35mhttp[39m: [35m::1 POST /api/v1/auth/forgotPassword 200 - 3450.580 ms[39m
[08-04-2026 10:54:59:5459] [35mhttp[39m: [35m::1 POST /api/v1/auth/forgotPassword 429 - 1.134 ms[39m
[08-04-2026 10:55:18:5518] [31merror[39m: [31mPlease provide token and password[39m
[08-04-2026 10:55:18:5518] [35mhttp[39m: [35m::1 POST /api/v1/auth/resetPassword 400 - 1.317 ms[39m
[08-04-2026 10:55:22:5522] [31merror[39m: [31mPlease provide token and password[39m
[08-04-2026 10:55:22:5522] [35mhttp[39m: [35m::1 POST /api/v1/auth/resetPassword 400 - 1.394 ms[39m
[08-04-2026 10:55:53:5553] [31merror[39m: [31mPlease provide token and password[39m
[08-04-2026 10:55:53:5553] [35mhttp[39m: [35m::1 POST /api/v1/auth/resetPassword 400 - 1.889 ms[39m
[08-04-2026 10:56:08:568] [35mhttp[39m: [35m::1 POST /api/v1/auth/resetPassword 200 - 442.571 ms[39m
[08-04-2026 10:56:37:5637] [35mhttp[39m: [35m::1 POST /api/v1/auth/login 200 - 631.986 ms[39m
[08-04-2026 13:18:42:1842] [35mhttp[39m: [35m::1 POST /api/v1/auth/google 404 - 2.519 ms[39m
[08-04-2026 13:30:11:3011] [35mhttp[39m: [35m::1 POST /api/v1/auth/google 404 - 3.731 ms[39m
[08-04-2026 13:30:43:3043] [32minfo[39m: [32mPayload[39m
[08-04-2026 13:30:43:3043] [31merror[39m: [31mUser validation failed: authProvider: `google` is not a valid enum value for path `authProvider`.[39m
[08-04-2026 13:30:43:3043] [35mhttp[39m: [35m::1 POST /api/v1/auth/googleAuth 400 - 988.740 ms[39m
[08-04-2026 13:31:23:3123] [32minfo[39m: [32mPayload[39m
[08-04-2026 13:31:24:3124] [35mhttp[39m: [35m::1 POST /api/v1/auth/googleAuth 200 - 1670.620 ms[39m
[08-04-2026 13:33:51:3351] [35mhttp[39m: [35m::1 POST /api/v1/auth/googleAuth 200 - 1709.800 ms[39m
[08-04-2026 13:42:03:423] [35mhttp[39m: [35m::1 POST /api/v1/auth/googleAuth 200 - 1681.775 ms[39m
[08-04-2026 13:42:28:4228] [35mhttp[39m: [35m::1 POST /api/v1/auth/googleAuth 200 - 1635.388 ms[39m
[08-04-2026 13:44:35:4435] [35mhttp[39m: [35m::1 POST /api/v1/auth/googleAuth 200 - 1681.193 ms[39m
[16-04-2026 14:43:31:4331] [35mhttp[39m: [35m::1 POST /api/v1/auth/googleAuth 200 - 1751.076 ms[39m
[16-04-2026 15:01:58:158] [35mhttp[39m: [35m::1 POST /api/v1/refreshAccessToken 404 - 3.685 ms[39m
[16-04-2026 15:05:43:543] [35mhttp[39m: [35m::1 POST /api/v1/refreshAcessToken 404 - 4.437 ms[39m
[16-04-2026 15:06:43:643] [35mhttp[39m: [35m::1 POST /api/v1/refreshAcessToken 404 - 0.619 ms[39m
[16-04-2026 15:06:58:658] [35mhttp[39m: [35m::1 POST /api/v1/auth/refreshAcessToken - - - ms[39m
[16-04-2026 15:07:28:728] [35mhttp[39m: [35m::1 POST /api/v1/auth/refreshAcessToken - - - ms[39m
[16-04-2026 15:08:22:822] [35mhttp[39m: [35m::1 POST /api/v1/auth/refreshAcessToken - - - ms[39m
[16-04-2026 15:24:39:2439] [35mhttp[39m: [35m::1 POST /api/v1/auth/refreshAcessToken 200 - 204.801 ms[39m
[16-04-2026 15:26:10:2610] [31merror[39m: [31mjwt malformed[39m
[16-04-2026 15:26:10:2610] [35mhttp[39m: [35m::1 POST /api/v1/auth/refreshAcessToken 500 - 30.507 ms[39m
[16-04-2026 15:26:15:2615] [31merror[39m: [31mjwt malformed[39m
[16-04-2026 15:26:15:2615] [35mhttp[39m: [35m::1 POST /api/v1/auth/refreshAcessToken 500 - 2.990 ms[39m
[16-04-2026 15:27:28:2728] [31merror[39m: [31mjwt malformed[39m
[16-04-2026 15:27:28:2728] [35mhttp[39m: [35m::1 POST /api/v1/auth/refreshAcessToken 500 - 10.743 ms[39m
[16-04-2026 15:27:50:2750] [35mhttp[39m: [35m::1 POST /api/v1/auth/googleAuth 200 - 1774.970 ms[39m
[16-04-2026 15:29:02:292] [35mhttp[39m: [35m::1 POST /api/v1/auth/refreshAcessToken 200 - 241.993 ms[39m
[16-04-2026 15:31:22:3122] [35mhttp[39m: [35m::1 POST /api/v1/auth/googleAuth 200 - 1674.118 ms[39m
[16-04-2026 15:32:37:3237] [35mhttp[39m: [35m::1 POST /api/v1/auth/refreshAcessToken 200 - 283.694 ms[39m
[16-04-2026 15:34:57:3457] [35mhttp[39m: [35m::1 POST /api/v1/auth/googleAuth 200 - 1726.913 ms[39m
[16-04-2026 15:36:41:3641] [35mhttp[39m: [35m::1 POST /api/v1/auth/refreshAcessToken 200 - 559.000 ms[39m
[16-04-2026 16:16:25:1625] [31merror[39m: [31mRefresh token is required[39m
[16-04-2026 16:16:25:1625] [35mhttp[39m: [35m::1 POST /api/v1/auth/refreshAcessToken 400 - 13.075 ms[39m
[16-04-2026 16:39:51:3951] [35mhttp[39m: [35m::1 POST /api/v1/auth/forgotPassword 200 - 187.095 ms[39m
[17-04-2026 11:41:45:4145] [31merror[39m: [31mRefresh token is required[39m
[17-04-2026 11:41:45:4145] [35mhttp[39m: [35m::1 POST /api/v1/auth/refreshAcessToken 400 - 3.688 ms[39m
[17-04-2026 13:04:21:421] [35mhttp[39m: [35m::1 POST /api/v1/auth/googleAuth 200 - 1703.872 ms[39m
[17-04-2026 13:08:46:846] [35mhttp[39m: [35m::1 POST /api/v1/auth/googleAuth 200 - 1685.169 ms[39m
[17-04-2026 13:10:31:1031] [35mhttp[39m: [35m::1 POST /api/v1/auth/googleAuth 200 - 1683.131 ms[39m
[17-04-2026 15:20:06:206] [35mhttp[39m: [35m::1 POST /api/v1/auth/googleAuth 200 - 2915.263 ms[39m
[17-04-2026 16:18:36:1836] [35mhttp[39m: [35m::1 POST /api/v1/auth/logout 200 - 386.915 ms[39m
[17-04-2026 16:29:30:2930] [35mhttp[39m: [35m::1 POST /api/v1/auth/googleAuth 200 - 1917.224 ms[39m
[17-04-2026 18:05:09:59] [35mhttp[39m: [35m::1 POST /api/v1/auth/editProfile 200 - 1943.729 ms[39m
[17-04-2026 18:07:32:732] [35mhttp[39m: [35m::1 POST /api/v1/auth/editProfile 200 - 555.442 ms[39m
[17-04-2026 18:07:53:753] [35mhttp[39m: [35m::1 POST /api/v1/auth/editProfile 200 - 552.092 ms[39m
[17-04-2026 18:22:18:2218] [31merror[39m: [31mENOENT: no such file or directory, open '/public/tmp/my-uploads/avatar-1776432138572-687976731'[39m
[17-04-2026 18:22:18:2218] [35mhttp[39m: [35m::1 POST /api/v1/auth/editProfile 500 - 203.511 ms[39m
[17-04-2026 18:23:26:2326] [31merror[39m: [31mMust supply api_key[39m
[17-04-2026 18:23:26:2326] [35mhttp[39m: [35m::1 POST /api/v1/auth/editProfile 500 - 434.184 ms[39m
[17-04-2026 18:26:53:2653] [35mhttp[39m: [35m::1 POST /api/v1/auth/editProfile 200 - 5895.626 ms[39m
[17-04-2026 18:32:31:3231] [35mhttp[39m: [35m::1 POST /api/v1/auth/editProfile 200 - 13870.654 ms[39m
[17-04-2026 18:33:52:3352] [35mhttp[39m: [35m::1 POST /api/v1/auth/editProfile 200 - 9786.846 ms[39m
[17-04-2026 18:33:53:3353] [35mhttp[39m: [35m::1 POST /api/v1/auth/editProfile 200 - 2534.646 ms[39m
[17-04-2026 18:33:55:3355] [35mhttp[39m: [35m::1 POST /api/v1/auth/editProfile 200 - 2705.998 ms[39m
[17-04-2026 18:33:55:3355] [35mhttp[39m: [35m::1 POST /api/v1/auth/editProfile 200 - 3004.519 ms[39m
[17-04-2026 18:33:56:3356] [35mhttp[39m: [35m::1 POST /api/v1/auth/editProfile 200 - 3336.268 ms[39m
[17-04-2026 18:36:27:3627] [35mhttp[39m: [35m::1 POST /api/v1/auth/editProfile 200 - 5754.957 ms[39m
[17-04-2026 18:55:53:5553] [35mhttp[39m: [35m::1 POST /api/v1/users/googleAuth 200 - 1715.289 ms[39m
[17-04-2026 18:55:59:5559] [35mhttp[39m: [35m::1 POST /api/v1/users/logout 200 - 362.459 ms[39m
[17-04-2026 18:56:36:5636] [31merror[39m: [31mE11000 duplicate key error collection: test.users index: verificationToken_1 dup key: { verificationToken: null }[39m
[17-04-2026 18:56:36:5636] [35mhttp[39m: [35m::1 POST /api/v1/users/googleAuth 500 - 1093.393 ms[39m
[17-04-2026 19:23:26:2326] [31merror[39m: [31mE11000 duplicate key error collection: test.users index: verificationToken_1 dup key: { verificationToken: null }[39m
[17-04-2026 19:23:26:2326] [35mhttp[39m: [35m::1 POST /api/v1/users/googleAuth 500 - 2326.576 ms[39m
[17-04-2026 19:23:42:2342] [31merror[39m: [31mE11000 duplicate key error collection: test.users index: verificationToken_1 dup key: { verificationToken: null }[39m
[17-04-2026 19:23:42:2342] [35mhttp[39m: [35m::1 POST /api/v1/users/googleAuth 500 - 1148.416 ms[39m
[17-04-2026 19:28:59:2859] [31merror[39m: [31mE11000 duplicate key error collection: test.users index: verificationToken_1 dup key: { verificationToken: null }[39m
[17-04-2026 19:28:59:2859] [35mhttp[39m: [35m::1 POST /api/v1/users/googleAuth 500 - 1189.724 ms[39m
[17-04-2026 19:34:23:3423] [35mhttp[39m: [35m::1 POST /api/v1/users/googleAuth 200 - 2248.036 ms[39m
[17-04-2026 19:36:11:3611] [35mhttp[39m: [35m::1 POST /api/v1/users/editProfile 200 - 3384.604 ms[39m
[17-04-2026 19:53:18:5318] [35mhttp[39m: [35m::1 POST /api/v1/users/logout 200 - 383.410 ms[39m
[17-04-2026 19:53:27:5327] [35mhttp[39m: [35m::1 POST /api/v1/users/googleAuth 200 - 1519.942 ms[39m
[17-04-2026 20:04:33:433] [35mhttp[39m: [35m::1 GET /api/v1/users/search?query=Az 404 - 2.689 ms[39m
[17-04-2026 20:04:38:438] [35mhttp[39m: [35m::1 GET /api/v1/users/search?query=Mu 404 - 0.791 ms[39m
[17-04-2026 20:17:01:171] [35mhttp[39m: [35m::1 POST /api/v1/users/editProfile 200 - 570.583 ms[39m
[17-04-2026 20:17:13:1713] [35mhttp[39m: [35m::1 GET /api/v1/users/search?query=Muhammad 404 - 1.245 ms[39m
[17-04-2026 20:17:38:1738] [35mhttp[39m: [35m::1 GET /api/v1/users/search?query=Muhammad%20AAA 404 - 4.434 ms[39m
[17-04-2026 20:17:54:1754] [35mhttp[39m: [35m::1 GET /api/v1/users/search?query=Muhammad 404 - 2.498 ms[39m
[17-04-2026 20:18:56:1856] [35mhttp[39m: [35m::1 GET /api/v1/users/search?query=Muhammad 404 - 5.346 ms[39m
[17-04-2026 20:22:09:229] [35mhttp[39m: [35m::1 GET /api/v1/users/search?query=Muhammad 200 - 375.834 ms[39m
[17-04-2026 20:24:10:2410] [35mhttp[39m: [35m::1 GET /api/v1/users/search?query=Muhammmad 200 - 366.314 ms[39m
[17-04-2026 20:24:44:2444] [35mhttp[39m: [35m::1 GET /api/v1/users/search?query=Anus 200 - 379.863 ms[39m
[17-04-2026 20:33:14:3314] [35mhttp[39m: [35m::1 GET /api/v1/users/search?query=Muhammad 304 - 372.438 ms[39m
[17-04-2026 20:33:52:3352] [35mhttp[39m: [35m::1 GET /api/v1/users/search?query=Anus 304 - 358.261 ms[39m
[17-04-2026 20:34:47:3447] [35mhttp[39m: [35m::1 GET /api/v1/users/search?query=Muhammad 304 - 400.871 ms[39m
[17-04-2026 20:35:07:357] [35mhttp[39m: [35m::1 GET /api/v1/users/search?query=MUHAMMAD 200 - 358.056 ms[39m
[17-04-2026 20:35:55:3555] [35mhttp[39m: [35m::1 GET /api/v1/users/search?query=ANUS 200 - 371.256 ms[39m
[17-04-2026 20:36:06:366] [35mhttp[39m: [35m::1 GET /api/v1/users/search?query=ANUS 304 - 360.716 ms[39m
[17-04-2026 20:36:11:3611] [35mhttp[39m: [35m::1 GET /api/v1/users/search?query=MUHAMMMAD 200 - 356.142 ms[39m
[17-04-2026 20:36:18:3618] [35mhttp[39m: [35m::1 GET /api/v1/users/search?query=MUHAMMMAD%20ANUS 200 - 358.947 ms[39m
[17-04-2026 20:36:25:3625] [35mhttp[39m: [35m::1 GET /api/v1/users/search?query=ANUS 304 - 362.815 ms[39m
[17-04-2026 20:55:00:550] [35mhttp[39m: [35m::1 GET /api/v1/users/search?query=Anus 304 - 362.053 ms[39m
[17-04-2026 20:55:08:558] [35mhttp[39m: [35m::1 GET /api/v1/users/search?query=ANUS 304 - 352.954 ms[39m
[17-04-2026 21:27:13:2713] [35mhttp[39m: [35m::1 GET /api/v1/users/search?query=Muhammad 304 - 1722.658 ms[39m
[17-04-2026 21:27:30:2730] [35mhttp[39m: [35m::1 GET /api/v1/users/search?query=ANUS 304 - 424.345 ms[39m
[17-04-2026 21:27:48:2748] [35mhttp[39m: [35m::1 GET /api/v1/users/search?query=Muhammmad%20Anusss 200 - 420.736 ms[39m
[17-04-2026 21:27:53:2753] [35mhttp[39m: [35m::1 GET /api/v1/users/search?query=Muhammmad%20Anus 200 - 380.887 ms[39m
[17-04-2026 21:28:06:286] [35mhttp[39m: [35m::1 GET /api/v1/users/search?query=MUHAMMAD 304 - 375.146 ms[39m
[17-04-2026 21:40:24:4024] [35mhttp[39m: [35m::1 GET /api/v1/users/search?query=Mu 200 - 387.310 ms[39m
[17-04-2026 21:41:53:4153] [35mhttp[39m: [35m::1 GET /api/v1/users/search?query=MUhammad 200 - 366.604 ms[39m
[17-04-2026 21:42:07:427] [35mhttp[39m: [35m::1 GET /api/v1/users/search?query=muhaAAMD 200 - 362.987 ms[39m
[17-04-2026 21:42:12:4212] [35mhttp[39m: [35m::1 GET /api/v1/users/search?query=anus 200 - 359.206 ms[39m
[17-04-2026 21:43:30:4330] [35mhttp[39m: [35m::1 GET /api/v1/users/search?query=Muhammmad%20AnuS 200 - 363.689 ms[39m
[20-04-2026 15:20:59:2059] [31merror[39m: [31mRefresh token is required[39m
[20-04-2026 15:20:59:2059] [35mhttp[39m: [35m::1 POST /api/v1/users/refreshAcessToken 400 - 16.279 ms[39m
[20-04-2026 15:20:59:2059] [31merror[39m: [31mRefresh token is required[39m
[20-04-2026 15:20:59:2059] [35mhttp[39m: [35m::1 POST /api/v1/users/refreshAcessToken 400 - 0.777 ms[39m
[20-04-2026 15:21:04:214] [31merror[39m: [31mRefresh token is required[39m
[20-04-2026 15:21:04:214] [35mhttp[39m: [35m::1 POST /api/v1/users/refreshAcessToken 400 - 0.941 ms[39m
[20-04-2026 15:21:04:214] [31merror[39m: [31mRefresh token is required[39m
[20-04-2026 15:21:04:214] [35mhttp[39m: [35m::1 POST /api/v1/users/refreshAcessToken 400 - 0.264 ms[39m
[20-04-2026 15:22:56:2256] [35mhttp[39m: [35m::1 POST /api/v1/users/forgotPassword 200 - 617.961 ms[39m
[20-04-2026 15:23:38:2338] [35mhttp[39m: [35m::1 POST /api/v1/users/forgotPassword 200 - 179.682 ms[39m
[20-04-2026 15:24:05:245] [35mhttp[39m: [35m::1 POST /api/v1/users/googleAuth 200 - 1759.368 ms[39m
[20-04-2026 15:24:38:2438] [35mhttp[39m: [35m::1 POST /api/v1/users/editProfile 200 - 557.010 ms[39m
[20-04-2026 15:25:08:258] [35mhttp[39m: [35m::1 POST /api/v1/users/logout 200 - 363.694 ms[39m
[20-04-2026 15:25:18:2518] [35mhttp[39m: [35m::1 POST /api/v1/users/googleAuth 200 - 1694.411 ms[39m
[20-04-2026 15:25:29:2529] [35mhttp[39m: [35m::1 POST /api/v1/users/editProfile 200 - 549.653 ms[39m
[20-04-2026 15:25:44:2544] [35mhttp[39m: [35m::1 GET /api/v1/users/search?query=A 200 - 367.147 ms[39m
[20-04-2026 15:27:48:2748] [35mhttp[39m: [35m::1 GET /api/v1/users/search?query=an 200 - 361.888 ms[39m
[20-04-2026 15:27:55:2755] [35mhttp[39m: [35m::1 GET /api/v1/users/search?query=Azan 200 - 360.153 ms[39m
[20-04-2026 15:33:49:3349] [35mhttp[39m: [35m::1 POST /api/v1/users/logout 200 - 393.781 ms[39m
[20-04-2026 15:34:17:3417] [35mhttp[39m: [35m::1 POST /api/v1/users/googleAuth 200 - 1719.889 ms[39m
[20-04-2026 15:34:22:3422] [35mhttp[39m: [35m::1 POST /api/v1/users/logout 200 - 361.589 ms[39m
[20-04-2026 15:34:41:3441] [35mhttp[39m: [35m::1 POST /api/v1/users/googleAuth 200 - 1959.899 ms[39m
[20-04-2026 15:34:52:3452] [35mhttp[39m: [35m::1 GET /api/v1/users/search?query=Lai 200 - 376.472 ms[39m
[20-04-2026 15:35:03:353] [35mhttp[39m: [35m::1 GET /api/v1/users/search?query=Az 200 - 374.679 ms[39m
[20-04-2026 15:35:11:3511] [35mhttp[39m: [35m::1 GET /api/v1/users/search?query=Azan 200 - 390.955 ms[39m
[20-04-2026 15:35:57:3557] [35mhttp[39m: [35m::1 GET /api/v1/users/search?query=Azan 304 - 179.590 ms[39m
[20-04-2026 15:37:31:3731] [35mhttp[39m: [35m::1 GET /api/v1/users/search?query=A 200 - 360.829 ms[39m
[20-04-2026 18:40:16:4016] [31merror[39m: [31mCannot destructure property 'id' of 'req.user' as it is undefined.[39m
[20-04-2026 18:40:16:4016] [35mhttp[39m: [35m::1 POST /api/v1/chat/c/1224 500 - 3.949 ms[39m
[21-04-2026 14:52:40:5240] [31merror[39m: [31mCannot destructure property 'id' of 'req.user' as it is undefined.[39m
[21-04-2026 14:52:40:5240] [35mhttp[39m: [35m::1 POST /api/v1/chat/c/1224 500 - 3.747 ms[39m
[21-04-2026 14:54:42:5442] [31merror[39m: [31mjwt expired[39m
[21-04-2026 14:54:42:5442] [35mhttp[39m: [35m::1 POST /api/v1/chat/c/1224 500 - 5.570 ms[39m
[21-04-2026 15:20:43:2043] [35mhttp[39m: [35m::1 GET /api/v1/auth/refreshAcessToken 404 - 0.724 ms[39m
[21-04-2026 15:21:30:2130] [35mhttp[39m: [35m::1 GET /api/v1/auth/refreshAcessToken 404 - 0.242 ms[39m
[21-04-2026 15:21:31:2131] [35mhttp[39m: [35m::1 GET /api/v1/auth/refreshAcessToken 404 - 0.153 ms[39m
[21-04-2026 15:21:31:2131] [35mhttp[39m: [35m::1 GET /api/v1/auth/refreshAcessToken 404 - 0.493 ms[39m
[21-04-2026 15:21:31:2131] [35mhttp[39m: [35m::1 GET /api/v1/auth/refreshAcessToken 404 - 0.125 ms[39m
[21-04-2026 15:21:31:2131] [35mhttp[39m: [35m::1 GET /api/v1/auth/refreshAcessToken 404 - 0.210 ms[39m
[21-04-2026 15:21:31:2131] [35mhttp[39m: [35m::1 GET /api/v1/auth/refreshAcessToken 404 - 0.129 ms[39m
[21-04-2026 15:21:32:2132] [35mhttp[39m: [35m::1 GET /api/v1/auth/refreshAcessToken 404 - 0.218 ms[39m
[21-04-2026 15:21:32:2132] [35mhttp[39m: [35m::1 GET /api/v1/auth/refreshAcessToken 404 - 0.204 ms[39m
[21-04-2026 15:21:32:2132] [35mhttp[39m: [35m::1 GET /api/v1/auth/refreshAcessToken 404 - 0.121 ms[39m
[21-04-2026 15:21:32:2132] [35mhttp[39m: [35m::1 GET /api/v1/auth/refreshAcessToken 404 - 0.377 ms[39m
[21-04-2026 15:21:32:2132] [35mhttp[39m: [35m::1 GET /api/v1/auth/refreshAcessToken 404 - 0.123 ms[39m
[21-04-2026 15:21:32:2132] [35mhttp[39m: [35m::1 GET /api/v1/auth/refreshAcessToken 404 - 0.147 ms[39m
[21-04-2026 15:21:33:2133] [35mhttp[39m: [35m::1 GET /api/v1/auth/refreshAcessToken 404 - 0.153 ms[39m
[21-04-2026 15:21:33:2133] [35mhttp[39m: [35m::1 GET /api/v1/auth/refreshAcessToken 404 - 0.146 ms[39m
[21-04-2026 15:21:33:2133] [35mhttp[39m: [35m::1 GET /api/v1/auth/refreshAcessToken 404 - 0.115 ms[39m
[21-04-2026 15:21:33:2133] [35mhttp[39m: [35m::1 GET /api/v1/auth/refreshAcessToken 404 - 0.160 ms[39m
[21-04-2026 15:22:47:2247] [35mhttp[39m: [35m::1 GET /api/v1/users/refreshAcessToken 404 - 3.344 ms[39m
[21-04-2026 15:22:56:2256] [35mhttp[39m: [35m::1 GET /api/v1/users/refreshAcessToken 404 - 0.581 ms[39m
[21-04-2026 15:22:57:2257] [35mhttp[39m: [35m::1 GET /api/v1/users/refreshAcessToken 404 - 0.447 ms[39m
[21-04-2026 15:22:57:2257] [35mhttp[39m: [35m::1 GET /api/v1/users/refreshAcessToken 404 - 0.294 ms[39m
[21-04-2026 15:22:57:2257] [35mhttp[39m: [35m::1 GET /api/v1/users/refreshAcessToken 404 - 0.313 ms[39m
[21-04-2026 15:22:57:2257] [35mhttp[39m: [35m::1 GET /api/v1/users/refreshAcessToken 404 - 0.271 ms[39m
[21-04-2026 15:22:58:2258] [35mhttp[39m: [35m::1 GET /api/v1/users/refreshAcessToken 404 - 0.242 ms[39m
[21-04-2026 15:23:11:2311] [35mhttp[39m: [35m::1 GET /api/v1/users/refreshAccessToken 404 - 0.247 ms[39m
[21-04-2026 15:23:45:2345] [35mhttp[39m: [35m::1 GET /api/v1/users/refreshAcessToken 404 - 0.504 ms[39m
[21-04-2026 15:24:34:2434] [35mhttp[39m: [35m::1 GET /api/v1/users/refreshAcessToken 404 - 0.327 ms[39m
[21-04-2026 15:24:35:2435] [35mhttp[39m: [35m::1 GET /api/v1/users/refreshAcessToken 404 - 0.213 ms[39m
[21-04-2026 15:24:36:2436] [35mhttp[39m: [35m::1 GET /api/v1/users/refreshAcessToken 404 - 0.217 ms[39m
[21-04-2026 15:24:36:2436] [35mhttp[39m: [35m::1 GET /api/v1/users/refreshAcessToken 404 - 0.230 ms[39m
[21-04-2026 15:24:36:2436] [35mhttp[39m: [35m::1 GET /api/v1/users/refreshAcessToken 404 - 0.304 ms[39m
[21-04-2026 15:24:37:2437] [35mhttp[39m: [35m::1 GET /api/v1/users/refreshAcessToken 404 - 0.265 ms[39m
[21-04-2026 15:24:37:2437] [35mhttp[39m: [35m::1 GET /api/v1/users/refreshAcessToken 404 - 0.227 ms[39m
[21-04-2026 15:24:37:2437] [35mhttp[39m: [35m::1 GET /api/v1/users/refreshAcessToken 404 - 0.220 ms[39m
[21-04-2026 15:24:38:2438] [35mhttp[39m: [35m::1 GET /api/v1/users/refreshAcessToken 404 - 0.245 ms[39m
[21-04-2026 15:24:38:2438] [35mhttp[39m: [35m::1 GET /api/v1/users/refreshAcessToken 404 - 0.507 ms[39m
[21-04-2026 15:24:38:2438] [35mhttp[39m: [35m::1 GET /api/v1/users/refreshAcessToken 404 - 0.203 ms[39m
[21-04-2026 15:24:38:2438] [35mhttp[39m: [35m::1 GET /api/v1/users/refreshAcessToken 404 - 0.233 ms[39m
[21-04-2026 15:24:39:2439] [35mhttp[39m: [35m::1 GET /api/v1/users/refreshAcessToken 404 - 0.231 ms[39m
[21-04-2026 15:24:46:2446] [31merror[39m: [31mjwt expired[39m
[21-04-2026 15:24:46:2446] [35mhttp[39m: [35m::1 POST /api/v1/users/refreshAcessToken 500 - 11.086 ms[39m
[21-04-2026 15:25:01:251] [31merror[39m: [31mjwt expired[39m
[21-04-2026 15:25:01:251] [35mhttp[39m: [35m::1 POST /api/v1/users/refreshAcessToken 500 - 1.139 ms[39m
[21-04-2026 15:35:04:354] [35mhttp[39m: [35m::1 POST /api/v1/users/googleAuth 200 - 1741.117 ms[39m
[21-04-2026 15:35:10:3510] [35mhttp[39m: [35m::1 POST /api/v1/users/logout 200 - 372.476 ms[39m
[21-04-2026 15:35:22:3522] [35mhttp[39m: [35m::1 POST /api/v1/users/googleAuth 200 - 1771.717 ms[39m
[21-04-2026 15:35:31:3531] [35mhttp[39m: [35m::1 POST /api/v1/users/googleAuth 200 - 1614.530 ms[39m
[21-04-2026 15:36:27:3627] [35mhttp[39m: [35m::1 POST /api/v1/users/logout 200 - 365.129 ms[39m
[21-04-2026 15:36:36:3636] [35mhttp[39m: [35m::1 POST /api/v1/users/googleAuth 200 - 1524.623 ms[39m
[21-04-2026 15:37:11:3711] [35mhttp[39m: [35m::1 GET /api/v1/users/search?query=l 200 - 363.690 ms[39m
[21-04-2026 15:37:16:3716] [35mhttp[39m: [35m::1 GET /api/v1/users/search?query=azan 200 - 365.083 ms[39m
[21-04-2026 16:22:14:2214] [32minfo[39m: [32mServer is running on port 4000[39m
[21-04-2026 16:25:15:2515] [32minfo[39m: [32mServer is running on port 4000[39m
[21-04-2026 16:25:28:2528] [32minfo[39m: [32mServer is running on port 4000[39m
[21-04-2026 16:25:30:2530] [32minfo[39m: [32mServer is running on port 4000[39m
[21-04-2026 16:26:33:2633] [32minfo[39m: [32mServer is running on port 4000[39m
[26-04-2026 13:48:09:489] [32minfo[39m: [32mServer is running on port 4000[39m
[26-04-2026 14:12:51:1251] [31merror[39m: [31mNot allowed by CORS[39m
[26-04-2026 14:12:51:1251] [35mhttp[39m: [35m::1 POST /api/v1/users/googleAuth 500 - 3.687 ms[39m
[26-04-2026 14:17:53:1753] [32minfo[39m: [32mServer is running on port 4000[39m
[26-04-2026 14:18:55:1855] [32minfo[39m: [32mServer is running on port 4000[39m
[26-04-2026 14:19:48:1948] [32minfo[39m: [32mServer is running on port 4000[39m
[26-04-2026 14:20:39:2039] [35mhttp[39m: [35m::1 POST /api/v1/users/googleAuth 200 - 10423.318 ms[39m
[26-04-2026 14:20:51:2051] [35mhttp[39m: [35m::1 POST /api/v1/users/logout 200 - 892.321 ms[39m
[26-04-2026 14:21:06:216] [35mhttp[39m: [35m::1 POST /api/v1/users/googleAuth 200 - 3672.207 ms[39m
[26-04-2026 14:31:57:3157] [35mhttp[39m: [35m::1 POST /api/v1/users/logout 200 - 382.064 ms[39m
[26-04-2026 14:32:11:3211] [35mhttp[39m: [35m::1 POST /api/v1/users/googleAuth 200 - 1671.959 ms[39m
[26-04-2026 14:43:09:439] [35mhttp[39m: [35m::1 POST /api/v1/users/logout 200 - 377.669 ms[39m
[26-04-2026 14:45:56:4556] [35mhttp[39m: [35m::1 POST /api/v1/users/googleAuth 200 - 1510.045 ms[39m
[26-04-2026 14:55:48:5548] [35mhttp[39m: [35m::1 POST /api/v1/users/logout 200 - 383.965 ms[39m
[26-04-2026 15:00:24:024] [32minfo[39m: [32mServer is running on port 4000[39m
[26-04-2026 15:02:08:28] [35mhttp[39m: [35m::1 POST /api/v1/users/googleAuth 200 - 1512.416 ms[39m
